--------------------------------------------------------------------------------
Makelog started: 2023-10-25 16:53:57
Working directory: /Users/shrishjanarthanan/Desktop/SIEPR/template/analysis
--------------------------------------------------------------------------------
Input links successfully created!
External links successfully created!
Source logs successfully written!
Version logs successfully written!
Executing command: `python  "/Users/shrishjanarthanan/Desktop/SIEPR/template/analysis/code/analyze_data.py" `
/opt/homebrew/Caskroom/miniconda/base/envs/template/lib/python3.12/site-packages/linearmodels/panel/model.py:1214: MissingValueWarning: 
Inputs contain missing values. Dropping rows with missing observations.
  super().__init__(dependent, exog, weights=weights, check_rank=check_rank)
/opt/homebrew/Caskroom/miniconda/base/envs/template/lib/python3.12/site-packages/linearmodels/panel/model.py:1214: MissingValueWarning: 
Inputs contain missing values. Dropping rows with missing observations.
  super().__init__(dependent, exog, weights=weights, check_rank=check_rank)

Output logs successfully written!
--------------------------------------------------------------------------------
Makelog ended: 2023-10-25 16:54:02
Working directory: /Users/shrishjanarthanan/Desktop/SIEPR/template/analysis
--------------------------------------------------------------------------------
